app/proguard-rules.pro

-keepclassmembers class com.google.android.exoplayer2.ext.ima.ImaAdsLoader.** {
  <init>(android.content.Context, android.net.Uri);
}

#calligraphy
-keep class butterknife.** { *; }
-dontwarn butterknife.internal.**
-keep class **$$ViewBinder { *; }

-keepclasseswithmembernames class * {
    @butterknife.* <fields>;
}

-keepclasseswithmembernames class * {
    @butterknife.* <methods>;
}

#Picasso and OkHttp--------
# JSR 305 annotations are for embedding nullability information.
-dontwarn javax.annotation.**

# A resource is loaded with a relative path so the package of this class must be preserved.
-keepnames class okhttp3.internal.publicsuffix.PublicSuffixDatabase

# Animal Sniffer compileOnly dependency to ensure APIs are compatible with older versions of Java.
-dontwarn org.codehaus.mojo.animal_sniffer.*

# OkHttp platform used only on JVM and when Conscrypt dependency is available.
-dontwarn okhttp3.internal.platform.ConscryptPlatform
#--------

#Image Cropper
-keep class android.support.v7.widget.** { *; }

# Bottom Navigation Helper
-keep class android.support.design.internal.BottomNavigationItemView.**{ *; }
-keep class android.support.design.internal.BottomNavigationMenuView.**{ *; }

##---------------Begin: proguard configuration for Gson  ----------
# Gson uses generic type information stored in a class file when working with fields. Proguard
# removes such information by default, so configure it to keep all of it.
-keepattributes Signature

# For using GSON @Expose annotation
-keepattributes *Annotation*

# Gson specific classes
-dontwarn sun.misc.**
#-keep class com.google.gson.stream.** { *; }
-keepclassmembers class * {
  @com.google.api.client.util.Key <fields>;
}
-keep class com.google.**
-dontwarn com.google.**

# Application classes that will be serialized/deserialized over Gson
-keep class com.google.gson.examples.android.model.** { <fields>; }

# Prevent proguard from stripping interface information from TypeAdapterFactory,
# JsonSerializer, JsonDeserializer instances (so they can be used in @JsonAdapter)
-keep class * implements com.google.gson.TypeAdapterFactory
-keep class * implements com.google.gson.JsonSerializer
-keep class * implements com.google.gson.JsonDeserializer

# Prevent R8 from leaving Data object members always null
-keepclassmembers,allowobfuscation class * {
  @com.google.gson.annotations.SerializedName <fields>;
}

##---------------End: proguard configuration for Gson  ----------

#Glide
-keep public class * implements com.bumptech.glide.module.GlideModule
-keep public class * extends com.bumptech.glide.module.AppGlideModule
-keep public enum com.bumptech.glide.load.ImageHeaderParser$** {
  **[] $VALUES;
  public *;
}

#dexter
-renamesourcefileattribute SourceFile

# Preserve all Dexter classes and method names

-keepattributes InnerClasses, Signature, *Annotation*

-keep class com.karumi.dexter.** { *; }
-keep interface com.karumi.dexter.** { *; }
-keepclasseswithmembernames class com.karumi.dexter.** { *; }
-keepclasseswithmembernames interface com.karumi.dexter.** { *; }

#API
-keep public class * implements com.ILoveDeshi.Android_Source_Code.Util.API.**{ *; }
-keepclassmembers class com.ILoveDeshi.Android_Source_Code.item.** { <fields>; }

# Retrofit
-keep class com.google.gson.** { *; }
-keep public class com.google.gson.** {public private protected *;}
-keep class com.google.inject.** { *; }
-keep class org.apache.http.** { *; }
-keep class org.apache.james.mime4j.** { *; }
-keep class javax.inject.** { *; }
-keep class javax.xml.stream.** { *; }
-keep class retrofit.** { *; }
-keep class com.google.appengine.** { *; }
-keepattributes EnclosingMethod

-keepclasseswithmembers class * {
    @retrofit2.* <methods>;
}

-keepclasseswithmembers interface * {
    @retrofit2.* <methods>;
}

# RxJava
-dontwarn rx.internal.util.unsafe.**
-keepclassmembers class rx.internal.util.unsafe.*ArrayQueue*Field* {
   long producerIndex;
   long consumerIndex;
}

# Retrofit
-keep class com.google.gson.** { *; }
-keep public class com.google.gson.** {public private protected *;}
-keep class com.google.inject.** { *; }
-keep class org.apache.http.** { *; }
-keep class org.apache.james.mime4j.** { *; }
-keep class javax.inject.** { *; }
-keep class javax.xml.stream.** { *; }
-keep class retrofit.** { *; }
-keep class com.google.appengine.** { *; }
-keepattributes EnclosingMethod

-keepclasseswithmembers class * {
    @retrofit2.* <methods>;
}

-keepclasseswithmembers interface * {
    @retrofit2.* <methods>;
}
# Platform calls Class.forName on types which do not exist on Android to determine platform.
-dontnote retrofit2.Platform
# Retain generic type information for use by reflection by converters and adapters.
-keepattributes Signature
# Retain declared checked exceptions for use by a Proxy instance.
-keepattributes Exceptions
-keepattributes *Annotation*
-keepattributes Signature
-dontwarn com.squareup.okhttp.*
-dontwarn rx.**
-dontwarn javax.xml.stream.**
-dontwarn com.google.appengine.**
-dontwarn java.nio.file.**
-dontwarn org.codehaus.**
-dontwarn okio.**
-dontwarn javax.annotation.**
-dontwarn com.loopj.android.http.**
-dontwarn org.apache.http.**
-dontwarn rx.internal.util.**

-keep class com.google.ads.**
-dontwarn com.google.ads.**
-keep public class com.google.android.gms.ads.** {
    public *;
}
-keep public class com.google.ads.**{
   public *;
}
-keep public class com.google.android.gms.common.internal.safeparcel.SafeParcelable {
   public static final *** NULL;
}
-keepnames @com.google.android.gms.common.annotation.KeepName class *
-keepclassmembernames class * {
@com.google.android.gms.common.annotation.KeepName *;
}
-keepnames class * implements android.os.Parcelable {
public static final ** CREATOR;
}
-keep class com.google.android.gms.ads.identifier.** { *; }

-dontwarn com.flurry.**
-keep class com.google.android.gms.common.GooglePlayServicesUtil {*;}
-keep class com.google.android.gms.ads.identifier.AdvertisingIdClient {*;}
-keep class com.google.android.gms.ads.identifier.AdvertisingIdClient$Info {*;}


-dontwarn top.defaults.checkerboarddrawable.CheckerboardDrawable


-keep class com.onesignal.JobIntentService$* {*;}


-keepattributes Signature,RuntimeVisibleAnnotations,AnnotationDefault
-keepclassmembers class * {
  @com.google.api.client.util.Key <fields>;
}

-dontwarn com.google.api.client.extensions.android.**
-dontwarn com.google.api.client.googleapis.extensions.android.**
-dontnote java.nio.file.Files, java.nio.file.Path
-dontnote **.ILicensingService

-dontwarn com.google.common.**
-dontwarn com.google.api.client.json.**