app/build/outputs/mapping/release/configuration.txt
# The proguard configuration file for the following section is default_proguard_files\global\proguard-android.txt-7.4.2
# This is a configuration file for ProGuard.
# http://proguard.sourceforge.net/index.html#manual/usage.html
#
# Starting with version 2.2 of the Android plugin for Gradle, this file is distributed together with
# the plugin and unpacked at build-time. The files in $ANDROID_HOME are no longer maintained and
# will be ignored by new version of the Android plugin for Gradle.

# Optimization is turned off by default. Dex does not like code run
# through the ProGuard optimize steps (and performs some
# of these optimizations on its own).
# Note that if you want to enable optimization, you cannot just
# include optimization flags in your own project configuration file;
# instead you will need to point to the
# "proguard-android-optimize.txt" file instead of this one from your
# project.properties file.
-dontoptimize

-dontusemixedcaseclassnames
-dontskipnonpubliclibraryclasses
-verbose

# Preserve some attributes that may be required for reflection.
-keepattributes AnnotationDefault,
                EnclosingMethod,
                InnerClasses,
                RuntimeVisibleAnnotations,
                RuntimeVisibleParameterAnnotations,
                RuntimeVisibleTypeAnnotations,
                Signature

-keep public class com.google.vending.licensing.ILicensingService
-keep public class com.android.vending.licensing.ILicensingService
-keep public class com.google.android.vending.licensing.ILicensingService
-dontnote com.android.vending.licensing.ILicensingService
-dontnote com.google.vending.licensing.ILicensingService
-dontnote com.google.android.vending.licensing.ILicensingService

# For native methods, see http://proguard.sourceforge.net/manual/examples.html#native
-keepclasseswithmembernames,includedescriptorclasses class * {
    native <methods>;
}

# Keep setters in Views so that animations can still work.
-keepclassmembers public class * extends android.view.View {
    void set*(***);
    *** get*();
}

# We want to keep methods in Activity that could be used in the XML attribute onClick.
-keepclassmembers class * extends android.app.Activity {
    public void *(android.view.View);
}

# For enumeration classes, see http://proguard.sourceforge.net/manual/examples.html#enumerations
-keepclassmembers enum * {
    public static **[] values();
    public static ** valueOf(java.lang.String);
}

-keepclassmembers class * implements android.os.Parcelable {
    public static final ** CREATOR;
}

# Preserve annotated Javascript interface methods.
-keepclassmembers class * {
    @android.webkit.JavascriptInterface <methods>;
}

# The support libraries contains references to newer platform versions.
# Don't warn about those in case this app is linking against an older
# platform version. We know about them, and they are safe.
-dontnote android.support.**
-dontnote androidx.**
-dontwarn android.support.**
-dontwarn androidx.**

# This class is deprecated, but remains for backward compatibility.
-dontwarn android.util.FloatMath

# Understand the @Keep support annotation.
-keep class android.support.annotation.Keep
-keep class androidx.annotation.Keep

-keep @android.support.annotation.Keep class * {*;}
-keep @androidx.annotation.Keep class * {*;}

-keepclasseswithmembers class * {
    @android.support.annotation.Keep <methods>;
}

-keepclasseswithmembers class * {
    @androidx.annotation.Keep <methods>;
}

-keepclasseswithmembers class * {
    @android.support.annotation.Keep <fields>;
}

-keepclasseswithmembers class * {
    @androidx.annotation.Keep <fields>;
}

-keepclasseswithmembers class * {
    @android.support.annotation.Keep <init>(...);
}

-keepclasseswithmembers class * {
    @androidx.annotation.Keep <init>(...);
}

# These classes are duplicated between android.jar and org.apache.http.legacy.jar.
-dontnote org.apache.http.**
-dontnote android.net.http.**

# These classes are duplicated between android.jar and core-lambda-stubs.jar.
-dontnote java.lang.invoke.**

# End of content from default_proguard_files\global\proguard-android.txt-7.4.2
# The proguard configuration file for the following section is AdsOnbApp\app\proguard-rules.pro
-dontnote com.google.android.exoplayer2.ext.ima.ImaAdsLoader
-keepclassmembers class com.google.android.exoplayer2.ext.ima.ImaAdsLoader.** {
  <init>(android.content.Context, android.net.Uri);
}

#calligraphy
-keep class butterknife.** { *; }
-dontwarn butterknife.internal.**
-keep class **$$ViewBinder { *; }

-keepclasseswithmembernames class * {
    @butterknife.* <fields>;
}

-keepclasseswithmembernames class * {
    @butterknife.* <methods>;
}

#Picasso and OkHttp--------
# JSR 305 annotations are for embedding nullability information.
-dontwarn javax.annotation.**

# A resource is loaded with a relative path so the package of this class must be preserved.
-keepnames class okhttp3.internal.publicsuffix.PublicSuffixDatabase

# Animal Sniffer compileOnly dependency to ensure APIs are compatible with older versions of Java.
-dontwarn org.codehaus.mojo.animal_sniffer.*

# OkHttp platform used only on JVM and when Conscrypt dependency is available.
-dontwarn okhttp3.internal.platform.ConscryptPlatform
#--------

#Image Cropper
-keep class android.support.v7.widget.** { *; }

# Bottom Navigation Helper
-keep class android.support.design.internal.BottomNavigationItemView.**{ *; }
-keep class android.support.design.internal.BottomNavigationMenuView.**{ *; }

##---------------Begin: proguard configuration for Gson  ----------
# Gson uses generic type information stored in a class file when working with fields. Proguard
# removes such information by default, so configure it to keep all of it.
-keepattributes Signature

# For using GSON @Expose annotation
-keepattributes *Annotation*

# Gson specific classes
-dontwarn sun.misc.**
#-keep class com.google.gson.stream.** { *; }
-keepclassmembers class * {
  @com.google.api.client.util.Key <fields>;
}
-keep class com.google.**
-dontwarn com.google.**

# Application classes that will be serialized/deserialized over Gson
-keep class com.google.gson.examples.android.model.** { <fields>; }

# Prevent proguard from stripping interface information from TypeAdapterFactory,
# JsonSerializer, JsonDeserializer instances (so they can be used in @JsonAdapter)
-keep class * implements com.google.gson.TypeAdapterFactory
-keep class * implements com.google.gson.JsonSerializer
-keep class * implements com.google.gson.JsonDeserializer

# Prevent R8 from leaving Data object members always null
-keepclassmembers,allowobfuscation class * {
  @com.google.gson.annotations.SerializedName <fields>;
}

##---------------End: proguard configuration for Gson  ----------

#Glide
-keep public class * implements com.bumptech.glide.module.GlideModule
-keep public class * extends com.bumptech.glide.module.AppGlideModule
-keep public enum com.bumptech.glide.load.ImageHeaderParser$** {
  **[] $VALUES;
  public *;
}

#dexter
-renamesourcefileattribute SourceFile

# Preserve all Dexter classes and method names

-keepattributes InnerClasses, Signature, *Annotation*

-keep class com.karumi.dexter.** { *; }
-keep interface com.karumi.dexter.** { *; }
-keepclasseswithmembernames class com.karumi.dexter.** { *; }
-keepclasseswithmembernames interface com.karumi.dexter.** { *; }

#API
-keep public class * implements com.ILoveDeshi.Android_Source_Code.Util.API.**{ *; }
-keepclassmembers class com.ILoveDeshi.Android_Source_Code.item.** { <fields>; }

# Retrofit
-keep class com.google.gson.** { *; }
-keep public class com.google.gson.** {public private protected *;}
-keep class com.google.inject.** { *; }
-keep class org.apache.http.** { *; }
-keep class org.apache.james.mime4j.** { *; }
-keep class javax.inject.** { *; }
-keep class javax.xml.stream.** { *; }
-keep class retrofit.** { *; }
-keep class com.google.appengine.** { *; }
-keepattributes EnclosingMethod

-keepclasseswithmembers class * {
    @retrofit2.* <methods>;
}

-keepclasseswithmembers interface * {
    @retrofit2.* <methods>;
}

# RxJava
-dontwarn rx.internal.util.unsafe.**
-keepclassmembers class rx.internal.util.unsafe.*ArrayQueue*Field* {
   long producerIndex;
   long consumerIndex;
}

# Retrofit
-keep class com.google.gson.** { *; }
-keep public class com.google.gson.** {public private protected *;}
-keep class com.google.inject.** { *; }
-keep class org.apache.http.** { *; }
-keep class org.apache.james.mime4j.** { *; }
-keep class javax.inject.** { *; }
-keep class javax.xml.stream.** { *; }
-keep class retrofit.** { *; }
-keep class com.google.appengine.** { *; }
-keepattributes EnclosingMethod

-keepclasseswithmembers class * {
    @retrofit2.* <methods>;
}

-keepclasseswithmembers interface * {
    @retrofit2.* <methods>;
}
# Platform calls Class.forName on types which do not exist on Android to determine platform.
-dontnote retrofit2.Platform
# Retain generic type information for use by reflection by converters and adapters.
-keepattributes Signature
# Retain declared checked exceptions for use by a Proxy instance.
-keepattributes Exceptions
-keepattributes *Annotation*
-keepattributes Signature
-dontwarn com.squareup.okhttp.*
-dontwarn rx.**
-dontwarn javax.xml.stream.**
-dontwarn com.google.appengine.**
-dontwarn java.nio.file.**
-dontwarn org.codehaus.**
-dontwarn okio.**
-dontwarn javax.annotation.**
-dontwarn com.loopj.android.http.**
-dontwarn org.apache.http.**
-dontwarn rx.internal.util.**

-keep class com.google.ads.**
-dontwarn com.google.ads.**
-keep public class com.google.android.gms.ads.** {
    public *;
}
-keep public class com.google.ads.**{
   public *;
}
-keep public class com.google.android.gms.common.internal.safeparcel.SafeParcelable {
   public static final *** NULL;
}
-keepnames @com.google.android.gms.common.annotation.KeepName class *
-keepclassmembernames class * {
@com.google.android.gms.common.annotation.KeepName *;
}
-keepnames class * implements android.os.Parcelable {
public static final ** CREATOR;
}
-keep class com.google.android.gms.ads.identifier.** { *; }

-dontwarn com.flurry.**
-keep class com.google.android.gms.common.GooglePlayServicesUtil {*;}
-keep class com.google.android.gms.ads.identifier.AdvertisingIdClient {*;}
-keep class com.google.android.gms.ads.identifier.AdvertisingIdClient$Info {*;}

-dontwarn com.android.billingclient.api.BillingClient$Builder
-dontwarn com.android.billingclient.api.BillingClient
-dontwarn com.android.billingclient.api.BillingClientStateListener
-dontwarn com.android.billingclient.api.BillingFlowParams$Builder
-dontwarn com.android.billingclient.api.BillingFlowParams
-dontwarn com.android.billingclient.api.BillingResult
-dontwarn com.android.billingclient.api.Purchase$PurchasesResult
-dontwarn com.android.billingclient.api.Purchase
-dontwarn com.android.billingclient.api.PurchasesUpdatedListener
-dontwarn com.android.billingclient.api.SkuDetails
-dontwarn com.android.billingclient.api.SkuDetailsParams$Builder
-dontwarn com.android.billingclient.api.SkuDetailsParams
-dontwarn com.android.billingclient.api.SkuDetailsResponseListener
-dontwarn com.bytedance.JProtect
-dontwarn com.bytedance.frameworks.baselib.network.http.NetworkParams$AddSecurityFactorProcessCallback
-dontwarn com.bytedance.frameworks.baselib.network.http.NetworkParams
-dontwarn com.bytedance.frameworks.baselib.network.http.parser.StreamParser
-dontwarn com.bytedance.framwork.core.sdkmonitor.SDKMonitor$IGetExtendParams
-dontwarn com.bytedance.framwork.core.sdkmonitor.SDKMonitor
-dontwarn com.bytedance.framwork.core.sdkmonitor.SDKMonitorUtils
-dontwarn com.bytedance.retrofit2.Call
-dontwarn com.bytedance.retrofit2.Retrofit
-dontwarn com.bytedance.retrofit2.SsResponse
-dontwarn com.bytedance.retrofit2.client.Header
-dontwarn com.bytedance.retrofit2.client.Request
-dontwarn com.bytedance.retrofit2.intercept.Interceptor$Chain
-dontwarn com.bytedance.retrofit2.intercept.Interceptor
-dontwarn com.bytedance.retrofit2.mime.TypedByteArray
-dontwarn com.bytedance.retrofit2.mime.TypedInput
-dontwarn com.bytedance.ttnet.utils.RetrofitUtils
-dontwarn com.facebook.infer.annotation.Nullsafe$Mode
-dontwarn com.facebook.infer.annotation.Nullsafe
-dontwarn com.snap.circumstanceengine.experiment.api.CircumstanceExperimentLogger
-dontwarn io.grpc.Status$Code
-dontwarn io.grpc.Status
-dontwarn io.grpc.StatusRuntimeException
-dontwarn org.bouncycastle.jsse.BCSSLParameters
-dontwarn org.bouncycastle.jsse.BCSSLSocket
-dontwarn org.bouncycastle.jsse.provider.BouncyCastleJsseProvider
-dontwarn org.conscrypt.Conscrypt$Version
-dontwarn org.conscrypt.Conscrypt
-dontwarn org.conscrypt.ConscryptHostnameVerifier
-dontwarn org.openjsse.javax.net.ssl.SSLParameters
-dontwarn org.openjsse.javax.net.ssl.SSLSocket
-dontwarn org.openjsse.net.ssl.OpenJSSE
-dontwarn top.defaults.checkerboarddrawable.CheckerboardDrawable
-dontwarn com.bytedance.component.sdk.annotation.AnyThread
-dontwarn com.bytedance.component.sdk.annotation.ColorInt
-dontwarn com.bytedance.component.sdk.annotation.NonNull
-dontwarn com.bytedance.component.sdk.annotation.Nullable
-dontwarn com.bytedance.component.sdk.annotation.RequiresApi
-dontwarn com.bytedance.component.sdk.annotation.UiThread
-dontwarn com.bytedance.sdk.openadsdk.core.model.NetExtParams$RenderType
-dontwarn com.bytedance.sdk.openadsdk.core.settings.SdkSettingsHelper$FETCH_REQUEST_SOURCE

-keep class com.onesignal.JobIntentService$* {*;}
-keep class com.onesignal.OneSignalUnityProxy {*;}

-keepattributes Signature,RuntimeVisibleAnnotations,AnnotationDefault
-keepclassmembers class * {
  @com.google.api.client.util.Key <fields>;
}
-dontwarn com.bytedance.sdk.openadsdk.core.settings.TTSdkSettings$FETCH_REQUEST_SOURCE
-dontwarn com.google.api.client.extensions.android.**
-dontwarn com.google.api.client.googleapis.extensions.android.**
-dontnote java.nio.file.Files, java.nio.file.Path
-dontnote **.ILicensingService
-dontnote sun.misc.Unsafe
-dontwarn sun.misc.Unsafe
-dontwarn com.google.common.**
-dontwarn com.google.api.client.json.**
# End of content from AdsOnbApp\app\proguard-rules.pro
# The proguard configuration file for the following section is aapt_proguard_file\release\aapt_rules.txt
-keep class androidx.core.app.CoreComponentFactory { <init>(); }
-keep class androidx.core.content.FileProvider { <init>(); }
-keep class androidx.room.MultiInstanceInvalidationService { <init>(); }
-keep class androidx.startup.InitializationProvider { <init>(); }
-keep class androidx.work.impl.background.systemalarm.ConstraintProxy$BatteryChargingProxy { <init>(); }
-keep class androidx.work.impl.background.systemalarm.ConstraintProxy$BatteryNotLowProxy { <init>(); }
-keep class androidx.work.impl.background.systemalarm.ConstraintProxy$NetworkStateProxy { <init>(); }
-keep class androidx.work.impl.background.systemalarm.ConstraintProxy$StorageNotLowProxy { <init>(); }
-keep class androidx.work.impl.background.systemalarm.ConstraintProxyUpdateReceiver { <init>(); }
-keep class androidx.work.impl.background.systemalarm.RescheduleReceiver { <init>(); }
-keep class androidx.work.impl.background.systemalarm.SystemAlarmService { <init>(); }
-keep class androidx.work.impl.background.systemjob.SystemJobService { <init>(); }
-keep class androidx.work.impl.diagnostics.DiagnosticsReceiver { <init>(); }
-keep class androidx.work.impl.foreground.SystemForegroundService { <init>(); }
-keep class androidx.work.impl.utils.ForceStopRunnable$BroadcastReceiver { <init>(); }
-keep class com.ILoveDeshi.Android_Source_Code.activity.AVStatus { <init>(); }
-keep class com.ILoveDeshi.Android_Source_Code.activity.AboutUs { <init>(); }
-keep class com.ILoveDeshi.Android_Source_Code.activity.AccountVerification { <init>(); }
-keep class com.ILoveDeshi.Android_Source_Code.activity.ContactUs { <init>(); }
-keep class com.ILoveDeshi.Android_Source_Code.activity.DeleteAccount { <init>(); }
-keep class com.ILoveDeshi.Android_Source_Code.activity.EnterReferenceCode { <init>(); }
-keep class com.ILoveDeshi.Android_Source_Code.activity.Faq { <init>(); }
-keep class com.ILoveDeshi.Android_Source_Code.activity.ForgetPassword { <init>(); }
-keep class com.ILoveDeshi.Android_Source_Code.activity.GoogleSignInActivity { <init>(); }
-keep class com.ILoveDeshi.Android_Source_Code.activity.Login { <init>(); }
-keep class com.ILoveDeshi.Android_Source_Code.activity.MainActivity { <init>(); }
-keep class com.ILoveDeshi.Android_Source_Code.activity.PlayAd { <init>(); }
-keep class com.ILoveDeshi.Android_Source_Code.activity.PointDetail { <init>(); }
-keep class com.ILoveDeshi.Android_Source_Code.activity.PrivacyPolicy { <init>(); }
-keep class com.ILoveDeshi.Android_Source_Code.activity.Register { <init>(); }
-keep class com.ILoveDeshi.Android_Source_Code.activity.RewardPointClaim { <init>(); }
-keep class com.ILoveDeshi.Android_Source_Code.activity.Spinner { <init>(); }
-keep class com.ILoveDeshi.Android_Source_Code.activity.SplashScreen { <init>(); }
-keep class com.ILoveDeshi.Android_Source_Code.activity.SubscribeActivity { <init>(); }
-keep class com.ILoveDeshi.Android_Source_Code.activity.Suspend { <init>(); }
-keep class com.ILoveDeshi.Android_Source_Code.activity.Verification { <init>(); }
-keep class com.ILoveDeshi.Android_Source_Code.activity.ViewImage { <init>(); }
-keep class com.ILoveDeshi.Android_Source_Code.activity.ViewYouTube { <init>(); }
-keep class com.ILoveDeshi.Android_Source_Code.activity.ViewYouTubeApp { <init>(); }
-keep class com.ILoveDeshi.Android_Source_Code.activity.WelcomeActivity { <init>(); }
-keep class com.ILoveDeshi.Android_Source_Code.util.YouApplication { <init>(); }
-keep class com.amazon.aps.ads.activity.ApsInterstitialActivity { <init>(); }
-keep class com.amazon.device.ads.DTBInterstitialActivity { <init>(); }
-keep class com.facebook.AuthenticationTokenManager$CurrentAuthenticationTokenChangedBroadcastReceiver { <init>(); }
-keep class com.facebook.CurrentAccessTokenExpirationBroadcastReceiver { <init>(); }
-keep class com.facebook.CustomTabActivity { <init>(); }
-keep class com.facebook.CustomTabMainActivity { <init>(); }
-keep class com.facebook.FacebookActivity { <init>(); }
-keep class com.facebook.internal.FacebookInitProvider { <init>(); }
-keep class com.google.android.datatransport.runtime.backends.TransportBackendDiscovery { <init>(); }
-keep class com.google.android.datatransport.runtime.scheduling.jobscheduling.AlarmManagerSchedulerBroadcastReceiver { <init>(); }
-keep class com.google.android.datatransport.runtime.scheduling.jobscheduling.JobInfoSchedulerService { <init>(); }
-keep class com.google.android.gms.auth.api.signin.RevocationBoundService { <init>(); }
-keep class com.google.android.gms.auth.api.signin.internal.SignInHubActivity { <init>(); }
-keep class com.google.android.gms.common.api.GoogleApiActivity { <init>(); }
-keep class com.google.android.gms.measurement.AppMeasurementJobService { <init>(); }
-keep class com.google.android.gms.measurement.AppMeasurementReceiver { <init>(); }
-keep class com.google.android.gms.measurement.AppMeasurementService { <init>(); }
-keep class com.google.firebase.auth.api.fallback.service.FirebaseAuthFallbackService { <init>(); }
-keep class com.google.firebase.auth.internal.GenericIdpActivity { <init>(); }
-keep class com.google.firebase.auth.internal.RecaptchaActivity { <init>(); }
-keep class com.google.firebase.components.ComponentDiscoveryService { <init>(); }
-keep class com.google.firebase.iid.FirebaseInstanceIdReceiver { <init>(); }
-keep class com.google.firebase.messaging.FirebaseMessagingService { <init>(); }
-keep class com.google.firebase.provider.FirebaseInitProvider { <init>(); }
-keep class com.karumi.dexter.DexterActivity { <init>(); }
-keep class com.onesignal.BootUpReceiver { <init>(); }
-keep class com.onesignal.FCMBroadcastReceiver { <init>(); }
-keep class com.onesignal.FCMIntentJobService { <init>(); }
-keep class com.onesignal.FCMIntentService { <init>(); }