app/build/outputs/mapping/release/seeds.txt
com.ILoveDeshi.Android_Source_Code.activity.SplashScreen
com.ILoveDeshi.Android_Source_Code.activity.AccountVerification
com.ILoveDeshi.Android_Source_Code.activity.MainActivity
com.ILoveDeshi.Android_Source_Code.activity.RewardPointClaim
com.ILoveDeshi.Android_Source_Code.fragment.VieWebFragment
com.ILoveDeshi.Android_Source_Code.fragment.RewardCurrentFragment
com.ILoveDeshi.Android_Source_Code.rest.ApiInterface
com.ILoveDeshi.Android_Source_Code.fragment.SearchFragment
com.ILoveDeshi.Android_Source_Code.fragment.ViewAppFragment
com.ILoveDeshi.Android_Source_Code.activity.WelcomeActivity
com.ILoveDeshi.Android_Source_Code.activity.Login
com.ILoveDeshi.Android_Source_Code.activity.ForgetPassword
com.ILoveDeshi.Android_Source_Code.activity.AVStatus
com.ILoveDeshi.Android_Source_Code.util.TouchImageView
com.ILoveDeshi.Android_Source_Code.fragment.RewardPointFragment
com.ILoveDeshi.Android_Source_Code.activity.ViewImage
com.ILoveDeshi.Android_Source_Code.fragment.SubscriberFragment
com.ILoveDeshi.Android_Source_Code.activity.ViewYouTubeApp
com.ILoveDeshi.Android_Source_Code.fragment.UserFollowFragment
com.ILoveDeshi.Android_Source_Code.activity.Faq
com.ILoveDeshi.Android_Source_Code.fragment.GameListFragment
com.ILoveDeshi.Android_Source_Code.activity.Register
com.ILoveDeshi.Android_Source_Code.activity.SubscribeActivity
com.ILoveDeshi.Android_Source_Code.activity.ViewYouTube
com.ILoveDeshi.Android_Source_Code.fragment.MoreAppsFragment
com.ILoveDeshi.Android_Source_Code.fragment.URFragment
com.ILoveDeshi.Android_Source_Code.activity.Spinner
com.ILoveDeshi.Android_Source_Code.fragment.HomeFragment
com.ILoveDeshi.Android_Source_Code.fragment.URHistoryFragment
com.ILoveDeshi.Android_Source_Code.activity.PointDetail
com.ILoveDeshi.Android_Source_Code.fragment.SettingFragment
com.ILoveDeshi.Android_Source_Code.activity.ContactUs
com.ILoveDeshi.Android_Source_Code.fragment.TopUsersFragment
com.ILoveDeshi.Android_Source_Code.fragment.SubscriptionFragment
com.ILoveDeshi.Android_Source_Code.fragment.EditProfileFragment
com.ILoveDeshi.Android_Source_Code.fragment.ProductsFragment
com.ILoveDeshi.Android_Source_Code.fragment.TDFragment
com.ILoveDeshi.Android_Source_Code.fragment.PackageTaskFragment
com.ILoveDeshi.Android_Source_Code.fragment.ProfileFragment
com.ILoveDeshi.Android_Source_Code.activity.PrivacyPolicy
com.ILoveDeshi.Android_Source_Code.util.StatusBarView
com.ILoveDeshi.Android_Source_Code.util.YouApplication
com.ILoveDeshi.Android_Source_Code.fragment.AppRatingFragment
com.ILoveDeshi.Android_Source_Code.activity.DeleteAccount
com.ILoveDeshi.Android_Source_Code.activity.Suspend
com.ILoveDeshi.Android_Source_Code.activity.Verification
com.ILoveDeshi.Android_Source_Code.fragment.ReferenceCodeFragment
com.ILoveDeshi.Android_Source_Code.activity.GoogleSignInActivity
com.ILoveDeshi.Android_Source_Code.activity.EnterReferenceCode
com.ILoveDeshi.Android_Source_Code.activity.PlayAd
com.ILoveDeshi.Android_Source_Code.activity.AboutUs
com.ILoveDeshi.Android_Source_Code.fragment.VideosFragment
com.ILoveDeshi.Android_Source_Code.fragment.WebsitesFragment
com.ILoveDeshi.Android_Source_Code.response.RegisterRP: java.lang.String status
com.ILoveDeshi.Android_Source_Code.response.SuspendRP: java.lang.String msg
com.ILoveDeshi.Android_Source_Code.response.PrivacyPolicyRP: java.lang.String message
com.ILoveDeshi.Android_Source_Code.response.AppRP: java.lang.String mediation_banner
com.ILoveDeshi.Android_Source_Code.response.SingleRatingAppRP: java.lang.String status
com.ILoveDeshi.Android_Source_Code.response.TransactionDetailRP: java.lang.String redeem_id
com.ILoveDeshi.Android_Source_Code.response.PointDetailRP: java.lang.String message
com.ILoveDeshi.Android_Source_Code.item.VideoList: java.lang.String video_views
com.ILoveDeshi.Android_Source_Code.response.UserRedeemRP: java.lang.String message
com.ILoveDeshi.Android_Source_Code.item.PackageList: java.lang.String image
...
com.google.api.services.youtube.model.SearchListResponse: java.lang.String nextPageToken
com.karumi.dexter.R$attr: int barLength
com.google.api.services.youtube.model.ActivityContentDetailsSocial: java.lang.String type
androidx.viewpager2.widget.ViewPager2$SavedState: android.os.Parcelable$Creator CREATOR
com.karumi.dexter.R$styleable: int TextInputLayout_shapeAppearanceOverlay
com.karumi.dexter.R$style: int Base_Widget_AppCompat_ActionBar
com.google.api.services.youtube.model.LiveChatMessageListResponse: com.google.api.services.youtube.model.TokenPagination tokenPagination
com.google.api.services.youtube.model.MembershipsLevelListResponse: java.lang.String etag
com.karumi.dexter.R$styleable: int MaterialButton_iconTintMode
com.karumi.dexter.R$styleable: int MenuView_android_itemBackground
com.google.api.services.youtube.model.CommentThread: com.google.api.services.youtube.model.CommentThreadReplies replies
com.karumi.dexter.R$dimen: int abc_dialog_fixed_height_major
com.karumi.dexter.R$styleable: int TextAppearance_android_fontFamily
com.google.api.services.youtube.YouTube$CommentThreads$List: java.lang.String videoId
com.google.gson.internal.LinkedTreeMap$Node: com.google.gson.internal.LinkedTreeMap$Node left
com.karumi.dexter.R$integer: int mtrl_chip_anim_duration
com.google.android.gms.internal.firebase-auth-api.zzxo: android.os.Parcelable$Creator CREATOR
com.karumi.dexter.R$styleable: int BottomAppBar_fabAnimationMode
com.bumptech.glide.load.ImageHeaderParser$ImageType: com.bumptech.glide.load.ImageHeaderParser$ImageType WEBP_A
com.google.android.gms.internal.firebase-auth-api.zzha: com.google.android.gms.internal.firebase-auth-api.zzgu zzf
com.karumi.dexter.R$style: int Widget_MaterialComponents_Button_TextButton_Dialog
com.daimajia.numberprogressbar.R$style: int NumberProgressBar_Grace_Yellow
com.google.android.gms.internal.measurement.zzgc: com.google.android.gms.internal.measurement.zzfy zzad
com.google.api.services.youtube.YouTubeRequest: java.lang.String oauthToken
com.google.api.services.youtube.YouTube$Search$List: java.lang.String order
com.facebook.login.CustomTabLoginMethodHandler: android.os.Parcelable$Creator CREATOR
com.karumi.dexter.R$color: int mtrl_tabs_ripple_color
com.bumptech.glide.load.ImageHeaderParser$ImageType: com.bumptech.glide.load.ImageHeaderParser$ImageType AVIF
com.google.api.services.youtube.YouTubeRequest: java.lang.Boolean prettyPrint
com.google.ads.consent.DebugGeography: com.google.ads.consent.DebugGeography DEBUG_GEOGRAPHY_EEA
com.karumi.dexter.R$attr: int navigationViewStyle
com.karumi.dexter.R$color: int abc_tint_seek_thumb
com.karumi.dexter.R$styleable: int[] AppBarLayoutStates
com.karumi.dexter.R$styleable: int SwitchCompat_android_textOn
com.google.api.services.youtube.model.LiveBroadcastContentDetails: java.lang.Boolean enableClosedCaptions
com.karumi.dexter.R$styleable: int Toolbar_titleMarginEnd
com.google.api.services.youtube.model.LiveStream: com.google.api.services.youtube.model.LiveStreamSnippet snippet
com.karumi.dexter.R$color: int background_material_light
com.karumi.dexter.R$style: int Base_TextAppearance_AppCompat_Widget_ActionBar_Subtitle
com.google.android.gms.internal.measurement.zzeq: java.lang.String zzh
com.google.gson.stream.JsonReader: int PEEKED_EOF
com.karumi.dexter.R$styleable: int[] AlertDialog
com.google.api.services.youtube.model.ContentRating: java.lang.String cceRating
com.karumi.dexter.R$string: int path_password_eye_mask_visible
com.karumi.dexter.R$styleable: int CollapsingToolbarLayout_expandedTitleMargin
com.google.gson.internal.bind.TreeTypeAdapter: com.google.gson.TypeAdapterFactory skipPast
com.karumi.dexter.R$id: int buttonPanel
com.karumi.dexter.R$id: int chronometer
com.google.api.services.youtube.model.Video: com.google.api.services.youtube.model.VideoContentDetails contentDetails
com.karumi.dexter.R$styleable: int ActionBar_contentInsetStartWithNavigation
com.karumi.dexter.R$style: int Base_Widget_AppCompat_Toolbar_Button_Navigation